{"meta": {"format": 3, "version": "7.6.10", "timestamp": "2025-01-20T15:16:48.639051", "branch_coverage": false, "show_contexts": false}, "files": {"simpliml\\__init__.py": {"executed_lines": [1, 3, 4, 5, 6, 7, 8, 9, 10, 11, 12], "summary": {"covered_lines": 11, "num_statements": 11, "percent_covered": 100.0, "percent_covered_display": "100", "missing_lines": 0, "excluded_lines": 0}, "missing_lines": [], "excluded_lines": [], "functions": {"": {"executed_lines": [1, 3, 4, 5, 6, 7, 8, 9, 10, 11, 12], "summary": {"covered_lines": 11, "num_statements": 11, "percent_covered": 100.0, "percent_covered_display": "100", "missing_lines": 0, "excluded_lines": 0}, "missing_lines": [], "excluded_lines": []}}, "classes": {"": {"executed_lines": [1, 3, 4, 5, 6, 7, 8, 9, 10, 11, 12], "summary": {"covered_lines": 11, "num_statements": 11, "percent_covered": 100.0, "percent_covered_display": "100", "missing_lines": 0, "excluded_lines": 0}, "missing_lines": [], "excluded_lines": []}}}, "simpliml\\about.py": {"executed_lines": [1, 3, 16, 17], "summary": {"covered_lines": 4, "num_statements": 4, "percent_covered": 100.0, "percent_covered_display": "100", "missing_lines": 0, "excluded_lines": 0}, "missing_lines": [], "excluded_lines": [], "functions": {"get_about": {"executed_lines": [17], "summary": {"covered_lines": 1, "num_statements": 1, "percent_covered": 100.0, "percent_covered_display": "100", "missing_lines": 0, "excluded_lines": 0}, "missing_lines": [], "excluded_lines": []}, "": {"executed_lines": [1, 3, 16], "summary": {"covered_lines": 3, "num_statements": 3, "percent_covered": 100.0, "percent_covered_display": "100", "missing_lines": 0, "excluded_lines": 0}, "missing_lines": [], "excluded_lines": []}}, "classes": {"": {"executed_lines": [1, 3, 16, 17], "summary": {"covered_lines": 4, "num_statements": 4, "percent_covered": 100.0, "percent_covered_display": "100", "missing_lines": 0, "excluded_lines": 0}, "missing_lines": [], "excluded_lines": []}}}, "simpliml\\timeseriesforecast\\__init__.py": {"executed_lines": [1, 3, 4, 5, 6, 7, 8, 9, 10, 11, 12, 14, 15, 16, 19, 20, 21, 26, 33, 41, 49, 57, 65], "summary": {"covered_lines": 23, "num_statements": 46, "percent_covered": 50.0, "percent_covered_display": "50", "missing_lines": 23, "excluded_lines": 0}, "missing_lines": [23, 27, 28, 30, 34, 35, 37, 38, 42, 43, 45, 46, 50, 51, 53, 54, 58, 59, 61, 62, 66, 67, 69], "excluded_lines": [], "functions": {"generateTSData": {"executed_lines": [20, 21], "summary": {"covered_lines": 2, "num_statements": 3, "percent_covered": 66.66666666666667, "percent_covered_display": "67", "missing_lines": 1, "excluded_lines": 0}, "missing_lines": [23], "excluded_lines": []}, "analysisData": {"executed_lines": [], "summary": {"covered_lines": 0, "num_statements": 3, "percent_covered": 0.0, "percent_covered_display": "0", "missing_lines": 3, "excluded_lines": 0}, "missing_lines": [27, 28, 30], "excluded_lines": []}, "runModel": {"executed_lines": [], "summary": {"covered_lines": 0, "num_statements": 4, "percent_covered": 0.0, "percent_covered_display": "0", "missing_lines": 4, "excluded_lines": 0}, "missing_lines": [34, 35, 37, 38], "excluded_lines": []}, "runThreadModel": {"executed_lines": [], "summary": {"covered_lines": 0, "num_statements": 4, "percent_covered": 0.0, "percent_covered_display": "0", "missing_lines": 4, "excluded_lines": 0}, "missing_lines": [42, 43, 45, 46], "excluded_lines": []}, "runProcessModel": {"executed_lines": [], "summary": {"covered_lines": 0, "num_statements": 4, "percent_covered": 0.0, "percent_covered_display": "0", "missing_lines": 4, "excluded_lines": 0}, "missing_lines": [50, 51, 53, 54], "excluded_lines": []}, "buildModel": {"executed_lines": [], "summary": {"covered_lines": 0, "num_statements": 4, "percent_covered": 0.0, "percent_covered_display": "0", "missing_lines": 4, "excluded_lines": 0}, "missing_lines": [58, 59, 61, 62], "excluded_lines": []}, "modelResult": {"executed_lines": [], "summary": {"covered_lines": 0, "num_statements": 3, "percent_covered": 0.0, "percent_covered_display": "0", "missing_lines": 3, "excluded_lines": 0}, "missing_lines": [66, 67, 69], "excluded_lines": []}, "": {"executed_lines": [1, 3, 4, 5, 6, 7, 8, 9, 10, 11, 12, 14, 15, 16, 19, 26, 33, 41, 49, 57, 65], "summary": {"covered_lines": 21, "num_statements": 21, "percent_covered": 100.0, "percent_covered_display": "100", "missing_lines": 0, "excluded_lines": 0}, "missing_lines": [], "excluded_lines": []}}, "classes": {"": {"executed_lines": [1, 3, 4, 5, 6, 7, 8, 9, 10, 11, 12, 14, 15, 16, 19, 20, 21, 26, 33, 41, 49, 57, 65], "summary": {"covered_lines": 23, "num_statements": 46, "percent_covered": 50.0, "percent_covered_display": "50", "missing_lines": 23, "excluded_lines": 0}, "missing_lines": [23, 27, 28, 30, 34, 35, 37, 38, 42, 43, 45, 46, 50, 51, 53, 54, 58, 59, 61, 62, 66, 67, 69], "excluded_lines": []}}}, "simpliml\\timeseriesforecast\\dataAnalysis.py": {"executed_lines": [1, 2, 3, 4, 5, 6, 7, 8, 9, 11, 12, 15, 16, 22, 142], "summary": {"covered_lines": 15, "num_statements": 97, "percent_covered": 15.463917525773196, "percent_covered_display": "15", "missing_lines": 82, "excluded_lines": 0}, "missing_lines": [17, 18, 19, 20, 23, 24, 25, 26, 27, 28, 29, 30, 31, 32, 33, 35, 36, 37, 40, 43, 50, 54, 56, 58, 69, 71, 72, 73, 74, 76, 87, 89, 94, 96, 101, 103, 112, 120, 128, 129, 130, 131, 132, 133, 134, 135, 137, 139, 140, 143, 144, 145, 147, 148, 149, 150, 151, 152, 153, 154, 156, 159, 165, 171, 175, 179, 183, 188, 192, 194, 195, 200, 201, 207, 208, 209, 210, 211, 213, 215, 216, 217], "excluded_lines": [], "functions": {"dataAnalysis.__init__": {"executed_lines": [], "summary": {"covered_lines": 0, "num_statements": 4, "percent_covered": 0.0, "percent_covered_display": "0", "missing_lines": 4, "excluded_lines": 0}, "missing_lines": [17, 18, 19, 20], "excluded_lines": []}, "dataAnalysis.analysisData": {"executed_lines": [], "summary": {"covered_lines": 0, "num_statements": 45, "percent_covered": 0.0, "percent_covered_display": "0", "missing_lines": 45, "excluded_lines": 0}, "missing_lines": [23, 24, 25, 26, 27, 28, 29, 30, 31, 32, 33, 35, 36, 37, 40, 43, 50, 54, 56, 58, 69, 71, 72, 73, 74, 76, 87, 89, 94, 96, 101, 103, 112, 120, 128, 129, 130, 131, 132, 133, 134, 135, 137, 139, 140], "excluded_lines": []}, "dataAnalysis.modelResult": {"executed_lines": [], "summary": {"covered_lines": 0, "num_statements": 33, "percent_covered": 0.0, "percent_covered_display": "0", "missing_lines": 33, "excluded_lines": 0}, "missing_lines": [143, 144, 145, 147, 148, 149, 150, 151, 152, 153, 154, 156, 159, 165, 171, 175, 179, 183, 188, 192, 194, 195, 200, 201, 207, 208, 209, 210, 211, 213, 215, 216, 217], "excluded_lines": []}, "": {"executed_lines": [1, 2, 3, 4, 5, 6, 7, 8, 9, 11, 12, 15, 16, 22, 142], "summary": {"covered_lines": 15, "num_statements": 15, "percent_covered": 100.0, "percent_covered_display": "100", "missing_lines": 0, "excluded_lines": 0}, "missing_lines": [], "excluded_lines": []}}, "classes": {"dataAnalysis": {"executed_lines": [], "summary": {"covered_lines": 0, "num_statements": 82, "percent_covered": 0.0, "percent_covered_display": "0", "missing_lines": 82, "excluded_lines": 0}, "missing_lines": [17, 18, 19, 20, 23, 24, 25, 26, 27, 28, 29, 30, 31, 32, 33, 35, 36, 37, 40, 43, 50, 54, 56, 58, 69, 71, 72, 73, 74, 76, 87, 89, 94, 96, 101, 103, 112, 120, 128, 129, 130, 131, 132, 133, 134, 135, 137, 139, 140, 143, 144, 145, 147, 148, 149, 150, 151, 152, 153, 154, 156, 159, 165, 171, 175, 179, 183, 188, 192, 194, 195, 200, 201, 207, 208, 209, 210, 211, 213, 215, 216, 217], "excluded_lines": []}, "": {"executed_lines": [1, 2, 3, 4, 5, 6, 7, 8, 9, 11, 12, 15, 16, 22, 142], "summary": {"covered_lines": 15, "num_statements": 15, "percent_covered": 100.0, "percent_covered_display": "100", "missing_lines": 0, "excluded_lines": 0}, "missing_lines": [], "excluded_lines": []}}}, "simpliml\\timeseriesforecast\\dataBuild.py": {"executed_lines": [1, 4, 5, 6, 7, 8, 9, 10, 11, 12, 13, 14, 15, 16, 17, 18, 19, 20, 21, 22, 23, 27, 28, 32, 33, 34, 35, 36, 37, 38, 41, 43, 44, 45, 46, 47, 48, 51], "summary": {"covered_lines": 38, "num_statements": 42, "percent_covered": 90.47619047619048, "percent_covered_display": "90", "missing_lines": 4, "excluded_lines": 0}, "missing_lines": [29, 30, 52, 53], "excluded_lines": [], "functions": {"dataBuild.applyDayCalc": {"executed_lines": [6, 7, 8, 9, 10, 11, 12, 13, 14, 15, 16, 17, 18, 19, 20, 21, 22, 23, 27, 28], "summary": {"covered_lines": 20, "num_statements": 22, "percent_covered": 90.9090909090909, "percent_covered_display": "91", "missing_lines": 2, "excluded_lines": 0}, "missing_lines": [29, 30], "excluded_lines": []}, "dataBuild.generateTSData": {"executed_lines": [33, 34, 35, 36, 37, 38, 41, 43, 44, 45, 46, 47, 48, 51], "summary": {"covered_lines": 14, "num_statements": 16, "percent_covered": 87.5, "percent_covered_display": "88", "missing_lines": 2, "excluded_lines": 0}, "missing_lines": [52, 53], "excluded_lines": []}, "": {"executed_lines": [1, 4, 5, 32], "summary": {"covered_lines": 4, "num_statements": 4, "percent_covered": 100.0, "percent_covered_display": "100", "missing_lines": 0, "excluded_lines": 0}, "missing_lines": [], "excluded_lines": []}}, "classes": {"dataBuild": {"executed_lines": [6, 7, 8, 9, 10, 11, 12, 13, 14, 15, 16, 17, 18, 19, 20, 21, 22, 23, 27, 28, 33, 34, 35, 36, 37, 38, 41, 43, 44, 45, 46, 47, 48, 51], "summary": {"covered_lines": 34, "num_statements": 38, "percent_covered": 89.47368421052632, "percent_covered_display": "89", "missing_lines": 4, "excluded_lines": 0}, "missing_lines": [29, 30, 52, 53], "excluded_lines": []}, "": {"executed_lines": [1, 4, 5, 32], "summary": {"covered_lines": 4, "num_statements": 4, "percent_covered": 100.0, "percent_covered_display": "100", "missing_lines": 0, "excluded_lines": 0}, "missing_lines": [], "excluded_lines": []}}}, "simpliml\\timeseriesforecast\\dataModeling.py": {"executed_lines": [1, 2, 3, 4, 5, 6, 9, 10, 21, 75], "summary": {"covered_lines": 10, "num_statements": 54, "percent_covered": 18.51851851851852, "percent_covered_display": "19", "missing_lines": 44, "excluded_lines": 0}, "missing_lines": [11, 12, 13, 14, 16, 17, 19, 22, 23, 25, 26, 27, 28, 29, 30, 31, 32, 34, 35, 36, 37, 38, 40, 41, 42, 44, 45, 46, 47, 48, 52, 53, 54, 56, 57, 59, 63, 64, 65, 67, 70, 72, 73, 76], "excluded_lines": [], "functions": {"dataModeling.submitModel": {"executed_lines": [], "summary": {"covered_lines": 0, "num_statements": 7, "percent_covered": 0.0, "percent_covered_display": "0", "missing_lines": 7, "excluded_lines": 0}, "missing_lines": [11, 12, 13, 14, 16, 17, 19], "excluded_lines": []}, "dataModeling.buildModel": {"executed_lines": [], "summary": {"covered_lines": 0, "num_statements": 36, "percent_covered": 0.0, "percent_covered_display": "0", "missing_lines": 36, "excluded_lines": 0}, "missing_lines": [22, 23, 25, 26, 27, 28, 29, 30, 31, 32, 34, 35, 36, 37, 38, 40, 41, 42, 44, 45, 46, 47, 48, 52, 53, 54, 56, 57, 59, 63, 64, 65, 67, 70, 72, 73], "excluded_lines": []}, "": {"executed_lines": [1, 2, 3, 4, 5, 6, 9, 10, 21, 75], "summary": {"covered_lines": 10, "num_statements": 11, "percent_covered": 90.9090909090909, "percent_covered_display": "91", "missing_lines": 1, "excluded_lines": 0}, "missing_lines": [76], "excluded_lines": []}}, "classes": {"dataModeling": {"executed_lines": [], "summary": {"covered_lines": 0, "num_statements": 43, "percent_covered": 0.0, "percent_covered_display": "0", "missing_lines": 43, "excluded_lines": 0}, "missing_lines": [11, 12, 13, 14, 16, 17, 19, 22, 23, 25, 26, 27, 28, 29, 30, 31, 32, 34, 35, 36, 37, 38, 40, 41, 42, 44, 45, 46, 47, 48, 52, 53, 54, 56, 57, 59, 63, 64, 65, 67, 70, 72, 73], "excluded_lines": []}, "": {"executed_lines": [1, 2, 3, 4, 5, 6, 9, 10, 21, 75], "summary": {"covered_lines": 10, "num_statements": 11, "percent_covered": 90.9090909090909, "percent_covered_display": "91", "missing_lines": 1, "excluded_lines": 0}, "missing_lines": [76], "excluded_lines": []}}}, "simpliml\\timeseriesforecast\\modelPyTorch.py": {"executed_lines": [1, 2, 3, 4, 5, 7, 10, 12, 21, 30, 31, 33, 39, 70, 90], "summary": {"covered_lines": 15, "num_statements": 70, "percent_covered": 21.428571428571427, "percent_covered_display": "21", "missing_lines": 55, "excluded_lines": 0}, "missing_lines": [13, 14, 15, 16, 17, 18, 19, 22, 23, 24, 25, 26, 27, 34, 35, 36, 37, 40, 42, 43, 44, 45, 46, 47, 49, 50, 51, 53, 54, 55, 56, 57, 58, 59, 60, 61, 62, 63, 64, 65, 67, 68, 71, 72, 73, 74, 75, 77, 78, 79, 83, 84, 85, 87, 91], "excluded_lines": [], "functions": {"LSTM.__init__": {"executed_lines": [], "summary": {"covered_lines": 0, "num_statements": 7, "percent_covered": 0.0, "percent_covered_display": "0", "missing_lines": 7, "excluded_lines": 0}, "missing_lines": [13, 14, 15, 16, 17, 18, 19], "excluded_lines": []}, "LSTM.forward": {"executed_lines": [], "summary": {"covered_lines": 0, "num_statements": 6, "percent_covered": 0.0, "percent_covered_display": "0", "missing_lines": 6, "excluded_lines": 0}, "missing_lines": [22, 23, 24, 25, 26, 27], "excluded_lines": []}, "modelPyTorch.sliding_windows": {"executed_lines": [], "summary": {"covered_lines": 0, "num_statements": 4, "percent_covered": 0.0, "percent_covered_display": "0", "missing_lines": 4, "excluded_lines": 0}, "missing_lines": [34, 35, 36, 37], "excluded_lines": []}, "modelPyTorch.runModelPyTorchLSTM": {"executed_lines": [], "summary": {"covered_lines": 0, "num_statements": 25, "percent_covered": 0.0, "percent_covered_display": "0", "missing_lines": 25, "excluded_lines": 0}, "missing_lines": [40, 42, 43, 44, 45, 46, 47, 49, 50, 51, 53, 54, 55, 56, 57, 58, 59, 60, 61, 62, 63, 64, 65, 67, 68], "excluded_lines": []}, "modelPyTorch.modelPyTorchLSTM": {"executed_lines": [], "summary": {"covered_lines": 0, "num_statements": 12, "percent_covered": 0.0, "percent_covered_display": "0", "missing_lines": 12, "excluded_lines": 0}, "missing_lines": [71, 72, 73, 74, 75, 77, 78, 79, 83, 84, 85, 87], "excluded_lines": []}, "": {"executed_lines": [1, 2, 3, 4, 5, 7, 10, 12, 21, 30, 31, 33, 39, 70, 90], "summary": {"covered_lines": 15, "num_statements": 16, "percent_covered": 93.75, "percent_covered_display": "94", "missing_lines": 1, "excluded_lines": 0}, "missing_lines": [91], "excluded_lines": []}}, "classes": {"LSTM": {"executed_lines": [], "summary": {"covered_lines": 0, "num_statements": 13, "percent_covered": 0.0, "percent_covered_display": "0", "missing_lines": 13, "excluded_lines": 0}, "missing_lines": [13, 14, 15, 16, 17, 18, 19, 22, 23, 24, 25, 26, 27], "excluded_lines": []}, "modelPyTorch": {"executed_lines": [], "summary": {"covered_lines": 0, "num_statements": 41, "percent_covered": 0.0, "percent_covered_display": "0", "missing_lines": 41, "excluded_lines": 0}, "missing_lines": [34, 35, 36, 37, 40, 42, 43, 44, 45, 46, 47, 49, 50, 51, 53, 54, 55, 56, 57, 58, 59, 60, 61, 62, 63, 64, 65, 67, 68, 71, 72, 73, 74, 75, 77, 78, 79, 83, 84, 85, 87], "excluded_lines": []}, "": {"executed_lines": [1, 2, 3, 4, 5, 7, 10, 12, 21, 30, 31, 33, 39, 70, 90], "summary": {"covered_lines": 15, "num_statements": 16, "percent_covered": 93.75, "percent_covered_display": "94", "missing_lines": 1, "excluded_lines": 0}, "missing_lines": [91], "excluded_lines": []}}}, "simpliml\\timeseriesforecast\\modelScikitLearn.py": {"executed_lines": [1, 2, 3, 4, 6, 8, 11, 12, 14, 17, 74], "summary": {"covered_lines": 11, "num_statements": 44, "percent_covered": 25.0, "percent_covered_display": "25", "missing_lines": 33, "excluded_lines": 0}, "missing_lines": [15, 18, 19, 20, 21, 22, 23, 24, 25, 27, 28, 30, 31, 34, 36, 38, 42, 46, 47, 48, 49, 50, 54, 56, 57, 59, 60, 66, 67, 69, 70, 71, 75], "excluded_lines": [], "functions": {"modelScikitLearn.__init__": {"executed_lines": [], "summary": {"covered_lines": 0, "num_statements": 1, "percent_covered": 0.0, "percent_covered_display": "0", "missing_lines": 1, "excluded_lines": 0}, "missing_lines": [15], "excluded_lines": []}, "modelScikitLearn.runmodelEnsemble": {"executed_lines": [], "summary": {"covered_lines": 0, "num_statements": 31, "percent_covered": 0.0, "percent_covered_display": "0", "missing_lines": 31, "excluded_lines": 0}, "missing_lines": [18, 19, 20, 21, 22, 23, 24, 25, 27, 28, 30, 31, 34, 36, 38, 42, 46, 47, 48, 49, 50, 54, 56, 57, 59, 60, 66, 67, 69, 70, 71], "excluded_lines": []}, "": {"executed_lines": [1, 2, 3, 4, 6, 8, 11, 12, 14, 17, 74], "summary": {"covered_lines": 11, "num_statements": 12, "percent_covered": 91.66666666666667, "percent_covered_display": "92", "missing_lines": 1, "excluded_lines": 0}, "missing_lines": [75], "excluded_lines": []}}, "classes": {"modelScikitLearn": {"executed_lines": [], "summary": {"covered_lines": 0, "num_statements": 32, "percent_covered": 0.0, "percent_covered_display": "0", "missing_lines": 32, "excluded_lines": 0}, "missing_lines": [15, 18, 19, 20, 21, 22, 23, 24, 25, 27, 28, 30, 31, 34, 36, 38, 42, 46, 47, 48, 49, 50, 54, 56, 57, 59, 60, 66, 67, 69, 70, 71], "excluded_lines": []}, "": {"executed_lines": [1, 2, 3, 4, 6, 8, 11, 12, 14, 17, 74], "summary": {"covered_lines": 11, "num_statements": 12, "percent_covered": 91.66666666666667, "percent_covered_display": "92", "missing_lines": 1, "excluded_lines": 0}, "missing_lines": [75], "excluded_lines": []}}}, "simpliml\\timeseriesforecast\\modelStatsModels.py": {"executed_lines": [1, 4, 5, 9, 25, 38, 90, 108, 128, 146, 168, 190, 213, 239, 272, 292, 317, 345, 367], "summary": {"covered_lines": 19, "num_statements": 229, "percent_covered": 8.296943231441048, "percent_covered_display": "8", "missing_lines": 210, "excluded_lines": 0}, "missing_lines": [10, 11, 12, 13, 14, 15, 16, 18, 19, 20, 21, 22, 23, 26, 27, 28, 29, 30, 31, 32, 33, 34, 35, 36, 39, 40, 41, 42, 43, 44, 45, 46, 47, 48, 49, 52, 54, 56, 57, 58, 59, 60, 62, 63, 66, 70, 72, 76, 77, 78, 79, 83, 84, 86, 88, 91, 92, 93, 94, 96, 97, 98, 99, 102, 103, 104, 106, 109, 110, 111, 112, 115, 116, 117, 118, 121, 122, 124, 126, 129, 130, 131, 132, 133, 134, 135, 136, 139, 140, 142, 144, 147, 148, 149, 151, 154, 155, 156, 157, 161, 162, 164, 166, 169, 170, 171, 172, 175, 176, 177, 178, 182, 183, 186, 188, 191, 192, 193, 194, 197, 198, 199, 200, 205, 206, 209, 211, 214, 215, 216, 217, 219, 220, 223, 224, 225, 226, 231, 232, 235, 237, 240, 241, 242, 243, 244, 249, 250, 256, 257, 258, 259, 264, 265, 268, 270, 273, 274, 275, 276, 277, 278, 279, 280, 284, 285, 288, 290, 293, 294, 295, 297, 299, 300, 301, 302, 303, 304, 309, 310, 313, 315, 318, 319, 320, 321, 324, 327, 328, 329, 330, 331, 332, 337, 338, 341, 343, 346, 347, 348, 350, 353, 354, 355, 356, 360, 361, 362, 364, 368], "excluded_lines": [], "functions": {"modelStatsModels.sarimaxSesOrder": {"executed_lines": [], "summary": {"covered_lines": 0, "num_statements": 13, "percent_covered": 0.0, "percent_covered_display": "0", "missing_lines": 13, "excluded_lines": 0}, "missing_lines": [10, 11, 12, 13, 14, 15, 16, 18, 19, 20, 21, 22, 23], "excluded_lines": []}, "modelStatsModels.arimaSesOrder": {"executed_lines": [], "summary": {"covered_lines": 0, "num_statements": 11, "percent_covered": 0.0, "percent_covered_display": "0", "missing_lines": 11, "excluded_lines": 0}, "missing_lines": [26, 27, 28, 29, 30, 31, 32, 33, 34, 35, 36], "excluded_lines": []}, "modelStatsModels.modelHoltWinters": {"executed_lines": [], "summary": {"covered_lines": 0, "num_statements": 31, "percent_covered": 0.0, "percent_covered_display": "0", "missing_lines": 31, "excluded_lines": 0}, "missing_lines": [39, 40, 41, 42, 43, 44, 45, 46, 47, 48, 49, 52, 54, 56, 57, 58, 59, 60, 62, 63, 66, 70, 72, 76, 77, 78, 79, 83, 84, 86, 88], "excluded_lines": []}, "modelStatsModels.modelHolt": {"executed_lines": [], "summary": {"covered_lines": 0, "num_statements": 12, "percent_covered": 0.0, "percent_covered_display": "0", "missing_lines": 12, "excluded_lines": 0}, "missing_lines": [91, 92, 93, 94, 96, 97, 98, 99, 102, 103, 104, 106], "excluded_lines": []}, "modelStatsModels.modelSimpleExpSmoothing": {"executed_lines": [], "summary": {"covered_lines": 0, "num_statements": 12, "percent_covered": 0.0, "percent_covered_display": "0", "missing_lines": 12, "excluded_lines": 0}, "missing_lines": [109, 110, 111, 112, 115, 116, 117, 118, 121, 122, 124, 126], "excluded_lines": []}, "modelStatsModels.modelAutoRegression": {"executed_lines": [], "summary": {"covered_lines": 0, "num_statements": 12, "percent_covered": 0.0, "percent_covered_display": "0", "missing_lines": 12, "excluded_lines": 0}, "missing_lines": [129, 130, 131, 132, 133, 134, 135, 136, 139, 140, 142, 144], "excluded_lines": []}, "modelStatsModels.modelMovingAverage": {"executed_lines": [], "summary": {"covered_lines": 0, "num_statements": 12, "percent_covered": 0.0, "percent_covered_display": "0", "missing_lines": 12, "excluded_lines": 0}, "missing_lines": [147, 148, 149, 151, 154, 155, 156, 157, 161, 162, 164, 166], "excluded_lines": []}, "modelStatsModels.modelARMA": {"executed_lines": [], "summary": {"covered_lines": 0, "num_statements": 12, "percent_covered": 0.0, "percent_covered_display": "0", "missing_lines": 12, "excluded_lines": 0}, "missing_lines": [169, 170, 171, 172, 175, 176, 177, 178, 182, 183, 186, 188], "excluded_lines": []}, "modelStatsModels.modelARIMA": {"executed_lines": [], "summary": {"covered_lines": 0, "num_statements": 12, "percent_covered": 0.0, "percent_covered_display": "0", "missing_lines": 12, "excluded_lines": 0}, "missing_lines": [191, 192, 193, 194, 197, 198, 199, 200, 205, 206, 209, 211], "excluded_lines": []}, "modelStatsModels.modelSARIMA": {"executed_lines": [], "summary": {"covered_lines": 0, "num_statements": 14, "percent_covered": 0.0, "percent_covered_display": "0", "missing_lines": 14, "excluded_lines": 0}, "missing_lines": [214, 215, 216, 217, 219, 220, 223, 224, 225, 226, 231, 232, 235, 237], "excluded_lines": []}, "modelStatsModels.modelSARIMAX": {"executed_lines": [], "summary": {"covered_lines": 0, "num_statements": 15, "percent_covered": 0.0, "percent_covered_display": "0", "missing_lines": 15, "excluded_lines": 0}, "missing_lines": [240, 241, 242, 243, 244, 249, 250, 256, 257, 258, 259, 264, 265, 268, 270], "excluded_lines": []}, "modelStatsModels.modelVAR": {"executed_lines": [], "summary": {"covered_lines": 0, "num_statements": 12, "percent_covered": 0.0, "percent_covered_display": "0", "missing_lines": 12, "excluded_lines": 0}, "missing_lines": [273, 274, 275, 276, 277, 278, 279, 280, 284, 285, 288, 290], "excluded_lines": []}, "modelStatsModels.modelVARMA": {"executed_lines": [], "summary": {"covered_lines": 0, "num_statements": 14, "percent_covered": 0.0, "percent_covered_display": "0", "missing_lines": 14, "excluded_lines": 0}, "missing_lines": [293, 294, 295, 297, 299, 300, 301, 302, 303, 304, 309, 310, 313, 315], "excluded_lines": []}, "modelStatsModels.modelVARMAX": {"executed_lines": [], "summary": {"covered_lines": 0, "num_statements": 15, "percent_covered": 0.0, "percent_covered_display": "0", "missing_lines": 15, "excluded_lines": 0}, "missing_lines": [318, 319, 320, 321, 324, 327, 328, 329, 330, 331, 332, 337, 338, 341, 343], "excluded_lines": []}, "modelStatsModels.modelAutoARIMA": {"executed_lines": [], "summary": {"covered_lines": 0, "num_statements": 12, "percent_covered": 0.0, "percent_covered_display": "0", "missing_lines": 12, "excluded_lines": 0}, "missing_lines": [346, 347, 348, 350, 353, 354, 355, 356, 360, 361, 362, 364], "excluded_lines": []}, "": {"executed_lines": [1, 4, 5, 9, 25, 38, 90, 108, 128, 146, 168, 190, 213, 239, 272, 292, 317, 345, 367], "summary": {"covered_lines": 19, "num_statements": 20, "percent_covered": 95.0, "percent_covered_display": "95", "missing_lines": 1, "excluded_lines": 0}, "missing_lines": [368], "excluded_lines": []}}, "classes": {"modelStatsModels": {"executed_lines": [], "summary": {"covered_lines": 0, "num_statements": 209, "percent_covered": 0.0, "percent_covered_display": "0", "missing_lines": 209, "excluded_lines": 0}, "missing_lines": [10, 11, 12, 13, 14, 15, 16, 18, 19, 20, 21, 22, 23, 26, 27, 28, 29, 30, 31, 32, 33, 34, 35, 36, 39, 40, 41, 42, 43, 44, 45, 46, 47, 48, 49, 52, 54, 56, 57, 58, 59, 60, 62, 63, 66, 70, 72, 76, 77, 78, 79, 83, 84, 86, 88, 91, 92, 93, 94, 96, 97, 98, 99, 102, 103, 104, 106, 109, 110, 111, 112, 115, 116, 117, 118, 121, 122, 124, 126, 129, 130, 131, 132, 133, 134, 135, 136, 139, 140, 142, 144, 147, 148, 149, 151, 154, 155, 156, 157, 161, 162, 164, 166, 169, 170, 171, 172, 175, 176, 177, 178, 182, 183, 186, 188, 191, 192, 193, 194, 197, 198, 199, 200, 205, 206, 209, 211, 214, 215, 216, 217, 219, 220, 223, 224, 225, 226, 231, 232, 235, 237, 240, 241, 242, 243, 244, 249, 250, 256, 257, 258, 259, 264, 265, 268, 270, 273, 274, 275, 276, 277, 278, 279, 280, 284, 285, 288, 290, 293, 294, 295, 297, 299, 300, 301, 302, 303, 304, 309, 310, 313, 315, 318, 319, 320, 321, 324, 327, 328, 329, 330, 331, 332, 337, 338, 341, 343, 346, 347, 348, 350, 353, 354, 355, 356, 360, 361, 362, 364], "excluded_lines": []}, "": {"executed_lines": [1, 4, 5, 9, 25, 38, 90, 108, 128, 146, 168, 190, 213, 239, 272, 292, 317, 345, 367], "summary": {"covered_lines": 19, "num_statements": 20, "percent_covered": 95.0, "percent_covered_display": "95", "missing_lines": 1, "excluded_lines": 0}, "missing_lines": [368], "excluded_lines": []}}}, "simpliml\\timeseriesforecast\\tsfCommon.py": {"executed_lines": [1, 2, 4, 6, 7, 8, 9, 10, 11, 12, 14, 15, 18, 19, 43], "summary": {"covered_lines": 15, "num_statements": 35, "percent_covered": 42.857142857142854, "percent_covered_display": "43", "missing_lines": 20, "excluded_lines": 0}, "missing_lines": [20, 21, 22, 23, 24, 25, 26, 27, 28, 29, 30, 31, 32, 33, 34, 35, 36, 38, 44, 45], "excluded_lines": [], "functions": {"tsfCommon.modelEval": {"executed_lines": [], "summary": {"covered_lines": 0, "num_statements": 18, "percent_covered": 0.0, "percent_covered_display": "0", "missing_lines": 18, "excluded_lines": 0}, "missing_lines": [20, 21, 22, 23, 24, 25, 26, 27, 28, 29, 30, 31, 32, 33, 34, 35, 36, 38], "excluded_lines": []}, "tsfCommon.getTrainTest": {"executed_lines": [], "summary": {"covered_lines": 0, "num_statements": 2, "percent_covered": 0.0, "percent_covered_display": "0", "missing_lines": 2, "excluded_lines": 0}, "missing_lines": [44, 45], "excluded_lines": []}, "": {"executed_lines": [1, 2, 4, 6, 7, 8, 9, 10, 11, 12, 14, 15, 18, 19, 43], "summary": {"covered_lines": 15, "num_statements": 15, "percent_covered": 100.0, "percent_covered_display": "100", "missing_lines": 0, "excluded_lines": 0}, "missing_lines": [], "excluded_lines": []}}, "classes": {"tsfCommon": {"executed_lines": [], "summary": {"covered_lines": 0, "num_statements": 20, "percent_covered": 0.0, "percent_covered_display": "0", "missing_lines": 20, "excluded_lines": 0}, "missing_lines": [20, 21, 22, 23, 24, 25, 26, 27, 28, 29, 30, 31, 32, 33, 34, 35, 36, 38, 44, 45], "excluded_lines": []}, "": {"executed_lines": [1, 2, 4, 6, 7, 8, 9, 10, 11, 12, 14, 15, 18, 19, 43], "summary": {"covered_lines": 15, "num_statements": 15, "percent_covered": 100.0, "percent_covered_display": "100", "missing_lines": 0, "excluded_lines": 0}, "missing_lines": [], "excluded_lines": []}}}, "tests\\__init__.py": {"executed_lines": [0], "summary": {"covered_lines": 0, "num_statements": 0, "percent_covered": 100.0, "percent_covered_display": "100", "missing_lines": 0, "excluded_lines": 0}, "missing_lines": [], "excluded_lines": [], "functions": {"": {"executed_lines": [], "summary": {"covered_lines": 0, "num_statements": 0, "percent_covered": 100.0, "percent_covered_display": "100", "missing_lines": 0, "excluded_lines": 0}, "missing_lines": [], "excluded_lines": []}}, "classes": {"": {"executed_lines": [], "summary": {"covered_lines": 0, "num_statements": 0, "percent_covered": 100.0, "percent_covered_display": "100", "missing_lines": 0, "excluded_lines": 0}, "missing_lines": [], "excluded_lines": []}}}, "tests\\test_run.py": {"executed_lines": [1, 2, 4, 5, 6], "summary": {"covered_lines": 5, "num_statements": 5, "percent_covered": 100.0, "percent_covered_display": "100", "missing_lines": 0, "excluded_lines": 0}, "missing_lines": [], "excluded_lines": [], "functions": {"test_add": {"executed_lines": [5, 6], "summary": {"covered_lines": 2, "num_statements": 2, "percent_covered": 100.0, "percent_covered_display": "100", "missing_lines": 0, "excluded_lines": 0}, "missing_lines": [], "excluded_lines": []}, "": {"executed_lines": [1, 2, 4], "summary": {"covered_lines": 3, "num_statements": 3, "percent_covered": 100.0, "percent_covered_display": "100", "missing_lines": 0, "excluded_lines": 0}, "missing_lines": [], "excluded_lines": []}}, "classes": {"": {"executed_lines": [1, 2, 4, 5, 6], "summary": {"covered_lines": 5, "num_statements": 5, "percent_covered": 100.0, "percent_covered_display": "100", "missing_lines": 0, "excluded_lines": 0}, "missing_lines": [], "excluded_lines": []}}}}, "totals": {"covered_lines": 166, "num_statements": 637, "percent_covered": 26.059654631083202, "percent_covered_display": "26", "missing_lines": 471, "excluded_lines": 0}}